commit 64252ccdde2e779a3a1a4ee3ea8278a6cc33e647
Author: Damien Johnson <dmn.johns@gmail.com>
Date:   Wed Apr 24 00:43:46 2013 -0500

    Unit tests completed

commit ee5f413d8a3b16307b16a986ea25c7075c7b114c
Author: Damien Johnson <dmn.johns@gmail.com>
Date:   Tue Apr 23 17:23:46 2013 -0500

    Completed acceptance tests

commit d73b68186dbc8c47bcb0fc03388bcd4f3c009ae2
Author: Damien Johnson <dmn.johns@gmail.com>
Date:   Tue Apr 23 17:16:12 2013 -0500

    Added some acceptance tests, UML diagram

commit 3aa38da3a27ed0593718dc4de6ab950f19bfd396
Author: Damien Johnson <dmn.johns@gmail.com>
Date:   Mon Apr 22 01:26:22 2013 -0500

    Passing Cell acceptance test?

commit 60bdd155617ade01e1f03993ee69d577802d3adb
Author: Damien Johnson <dmn.johns@gmail.com>
Date:   Mon Apr 22 00:48:14 2013 -0500

    Alterations to allow Cell to work

commit 05892b38e44c6e2713f12b9f8318bf5d11d80e58
Author: Damien Johnson <dmn.johns@gmail.com>
Date:   Sun Apr 21 02:15:29 2013 -0500

    Implemented FredkinCell

commit c242351838f73cb4eed597f34ad4e3791bb51b61
Author: Damien Johnson <dmn.johns@gmail.com>
Date:   Sun Apr 21 00:20:50 2013 -0500

    ConwayCell implementation testable, fixes #9

commit 2d1440e2a7fbf3e1a9f92c89ac3f3d0b8b195da7
Author: Damien Johnson <dmn.johns@gmail.com>
Date:   Fri Apr 19 17:10:17 2013 -0500

    Implemented print

commit 063a1691a179ffa7313100ca0efb91a2e6dc8ce0
Author: Damien Johnson <dmn.johns@gmail.com>
Date:   Fri Apr 19 15:41:41 2013 -0500

    Implemented stage and evolve, placed mutate method

commit c247c08e74433807ea10349d017448a4096f8a0a
Author: Damien Johnson <dmn.johns@gmail.com>
Date:   Thu Apr 18 23:58:16 2013 -0500

    Added read/write for AbstractCell

commit a4a2506113431f6b387082bfcabeb9f264195242
Author: Damien Johnson <dmn.johns@gmail.com>
Date:   Thu Apr 18 23:53:23 2013 -0500

    More complete cell classes

commit 8ee821431a4a0c4baaf70dc0d33ff3563d1f1a92
Author: Damien Johnson <dmn.johns@gmail.com>
Date:   Thu Apr 18 13:12:09 2013 -0500

    Added staging method

commit e13480126edf5a1f7f0dccbff7c9449ad581b807
Author: Damien Johnson <dmn.johns@gmail.com>
Date:   Thu Apr 18 00:09:56 2013 -0500

    Updated AbstractCell, inheritance reflected in ConwayCell

commit acc7d89d5d3cc1ed8c706fd6112e1f5054807e70
Author: Damien Johnson <dmn.johns@gmail.com>
Date:   Wed Apr 17 16:44:39 2013 -0500

    Handle implementation

commit 43615f43699649a07efdf2acfa91652ee51d5c50
Author: Damien Johnson <dmn.johns@gmail.com>
Date:   Wed Apr 17 14:42:10 2013 -0500

    Aliveness is determined by symbol

commit db02efb218d9620758f8c72319fbe4729f7c808d
Author: Damien Johnson <dmn.johns@gmail.com>
Date:   Tue Apr 16 22:28:26 2013 -0500

    Basic Cell.h handle implementation

commit 05de21c25e266aec6b1f73ea0a0e290f76fc6a79
Author: Damien Johnson <dmn.johns@gmail.com>
Date:   Tue Apr 16 22:11:56 2013 -0500

    Initial documentation

commit 8b34ef5be91afaf75beb49f2310f0adcb2c9fe34
Merge: 882170d 4335938
Author: Damien Johnson <dmn.johns@gmail.com>
Date:   Tue Apr 16 21:58:12 2013 -0500

    Merge branch 'master' of https://github.com/dmnjohns/cs371p-life

commit 882170de21c3d68ba276bbe6eb3a40a10eae4204
Author: Damien Johnson <dmn.johns@gmail.com>
Date:   Tue Apr 16 21:57:50 2013 -0500

    Initial file structure

commit 4335938431fb4f76342c4882ada1ca4757b7ac5c
Author: Damien Johnson <dmn.johns@gmail.com>
Date:   Tue Apr 16 20:49:29 2013 -0500

    Create README

commit a049df8ef520c18ac827776ea04f13119e316570
Author: Damien Johnson <dmn.johns@gmail.com>
Date:   Tue Apr 16 20:47:07 2013 -0500

    Initial commit
